<?xml version="1.0" encoding="UTF-8"?>
<!-- Generated by org.testng.reporters.JUnitXMLReporter -->
<testsuite ignored="0" hostname="DESKTOP-Q1O4L53" failures="1" tests="2" name="TestNGTest" time="0.095" errors="0" timestamp="2023-04-11T20:45:14 IST">
  <testcase classname="BatchTesting.login" name="email" time="0.025"/>
  <testcase classname="BatchTesting.login" name="fb" time="0.004">
    <failure type="java.lang.AssertionError" message="expected [hari] but found [sush]">
      <![CDATA[java.lang.AssertionError: expected [hari] but found [sush]
at BatchTesting.login.fb(login.java:19)
at java.base/java.util.ArrayList.forEach(ArrayList.java:1511)
... Removed 31 stack frames]]>
    </failure>
  </testcase> <!-- fb -->
</testsuite> <!-- TestNGTest -->
